<?xml version="1.0" encoding="UTF-8"?>
<!-- Generated by org.testng.reporters.JUnitReportReporter -->
<testsuite skipped="0" hostname="DESKTOP-7M67OUT" name="tests.FirstTest" tests="4" failures="0" timestamp="2021-08-24T01:52:44 EET" time="8.193" errors="0">
  <testcase name="postRequest" time="1.832" classname="tests.FirstTest"/>
  <system-out/>
  <testcase name="postRequestwithemptybody" time="0.856" classname="tests.FirstTest"/>
  <system-out/>
  <testcase name="getPostWithId" time="1.664" classname="tests.FirstTest"/>
  <system-out/>
  <testcase name="getAllPosts" time="3.841" classname="tests.FirstTest"/>
  <system-out/>
</testsuite> <!-- tests.FirstTest -->
